\BOOKMARK [0][]{chapter.1}{\376\377\000N\000\341\000s\000t\000r\000o\000j\000e\000\040\000n\000a\000\040\000a\000n\000a\000l\000\375\000z\000u\000\040\000a\000\040\000v\000i\000z\000u\000a\000l\000i\000z\000a\000c\000i\000\040\000d\000a\000t\000\040}{}% 1
\BOOKMARK [1][]{section.1.1}{\376\377\000I\000n\000e\000t\000S\000o\000f\000t\000\040\000S\000t\000y\000l\000e\000\040\000I\000n\000t\000e\000l\000l\000i\000g\000e\000n\000c\000e}{chapter.1}% 2
\BOOKMARK [2][]{subsection.1.1.1}{\376\377\000P\001\131\000e\000h\000l\000e\000d}{section.1.1}% 3
\BOOKMARK [2][]{subsection.1.1.2}{\376\377\000T\000e\000c\000h\000n\000o\000l\000o\000g\000i\000e}{section.1.1}% 4
\BOOKMARK [2][]{subsection.1.1.3}{\376\377\000K\000o\000m\000p\000a\000t\000a\000b\000i\000l\000i\000t\000a}{section.1.1}% 5
\BOOKMARK [2][]{subsection.1.1.4}{\376\377\000H\000o\000d\000n\000o\000c\000e\000n\000\355\000\040\000a\000\040\000c\000e\000n\000\355\000k}{section.1.1}% 6
\BOOKMARK [1][]{section.1.2}{\376\377\000S\000p\000l\000u\000n\000k\000\040\000E\000n\000t\000e\000r\000p\000r\000i\000c\000e}{chapter.1}% 7
\BOOKMARK [2][]{subsection.1.2.1}{\376\377\000P\001\131\000e\000h\000l\000e\000d}{section.1.2}% 8
\BOOKMARK [2][]{subsection.1.2.2}{\376\377\000T\000e\000c\000h\000n\000o\000l\000o\000g\000i\000e}{section.1.2}% 9
\BOOKMARK [2][]{subsection.1.2.3}{\376\377\000K\000o\000m\000p\000a\000t\000i\000b\000i\000l\000i\000t\000a}{section.1.2}% 10
\BOOKMARK [2][]{subsection.1.2.4}{\376\377\000H\000o\000d\000n\000o\000c\000e\000n\000\355\000\040\000a\000\040\000c\000e\000n\000\355\000k}{section.1.2}% 11
\BOOKMARK [1][]{section.1.3}{\376\377\000T\000a\000b\000l\000e\000a\000u\000\040\000D\000e\000s\000k\000t\000o\000p}{chapter.1}% 12
\BOOKMARK [2][]{subsection.1.3.1}{\376\377\000P\001\131\000e\000h\000l\000e\000d}{section.1.3}% 13
\BOOKMARK [2][]{subsection.1.3.2}{\376\377\000T\000e\000c\000h\000n\000o\000l\000o\000g\000i\000e}{section.1.3}% 14
\BOOKMARK [2][]{subsection.1.3.3}{\376\377\000K\000o\000m\000p\000a\000t\000i\000b\000i\000l\000i\000t\000a}{section.1.3}% 15
\BOOKMARK [2][]{subsection.1.3.4}{\376\377\000H\000o\000d\000n\000o\000c\000e\000n\000\355\000\040\000a\000\040\000c\000e\000n\000\355\000k}{section.1.3}% 16
\BOOKMARK [1][]{section.1.4}{\376\377\000S\000i\000s\000e\000n\000s\000e}{chapter.1}% 17
\BOOKMARK [2][]{subsection.1.4.1}{\376\377\000P\001\131\000e\000h\000l\000e\000d}{section.1.4}% 18
\BOOKMARK [2][]{subsection.1.4.2}{\376\377\000T\000e\000c\000h\000n\000o\000l\000o\000g\000i\000e}{section.1.4}% 19
\BOOKMARK [2][]{subsection.1.4.3}{\376\377\000K\000o\000m\000p\000a\000t\000i\000b\000i\000l\000i\000t\000a}{section.1.4}% 20
\BOOKMARK [2][]{subsection.1.4.4}{\376\377\000H\000o\000d\000n\000o\000c\000e\000n\000\355\000\040\000a\000\040\000c\000e\000n\000\355\000k}{section.1.4}% 21
\BOOKMARK [1][]{section.1.5}{\376\377\000K\000i\000b\000a\000n\000a}{chapter.1}% 22
\BOOKMARK [2][]{subsection.1.5.1}{\376\377\000P\001\131\000e\000h\000l\000e\000d}{section.1.5}% 23
\BOOKMARK [2][]{subsection.1.5.2}{\376\377\000T\000e\000c\000h\000n\000o\000l\000o\000g\000i\000e}{section.1.5}% 24
\BOOKMARK [2][]{subsection.1.5.3}{\376\377\000K\000o\000m\000p\000a\000t\000i\000b\000i\000l\000i\000t\000a}{section.1.5}% 25
\BOOKMARK [2][]{subsection.1.5.4}{\376\377\000V\000e\000r\000z\000e\000\040\0005}{section.1.5}% 26
\BOOKMARK [0][]{chapter.2}{\376\377\000N\000e\000v\000\355\000m\000\040\000n\000\341\000z\000e\000v}{}% 27
\BOOKMARK [1][]{section.2.1}{\376\377\000Q\000u\000e\000r\000y\000\040\000D\000S\000L}{chapter.2}% 28
\BOOKMARK [2][]{subsection.2.1.1}{\376\377\000F\000u\000l\000l\000\040\000t\000e\000x\000t\000o\000v\000\351\000\040\000d\000o\000t\000a\000z\000y}{section.2.1}% 29
\BOOKMARK [1][]{section.2.2}{\376\377\000V\000y\000h\000l\000e\000d\000\341\000v\000\341\000n\000\355\000\040\000v\000\040\000K\000i\000b\000a\000n\000a}{chapter.2}% 30
\BOOKMARK [2][]{subsection.2.2.1}{\376\377\000F\000u\000n\000k\000c\000e\000\040\000a\000n\000a\000l\000y\000z\000\341\000t\000o\000r\000u}{section.2.2}% 31
\BOOKMARK [2][]{subsection.2.2.2}{\376\377\000F\000u\000l\000l\000t\000e\000x\000t\000o\000v\000\351\000\040\000v\000y\000h\000l\000e\000d\000\341\000v\000\341\000n\000\355}{section.2.2}% 32
\BOOKMARK [2][]{subsection.2.2.3}{\376\377\000D\000o\000t\000a\000z\000y\000\040\000v\000e\000\040\000f\000o\000r\000m\000\341\000t\000u\000\040\000Q\000u\000e\000r\000y\000\040\000S\000t\000r\000i\000n\000g\000\040\000Q\000u\000e\000r\000y}{section.2.2}% 33
\BOOKMARK [1][]{section.2.3}{\376\377\000G\000r\000a\000p\000h}{chapter.2}% 34
\BOOKMARK [2][]{subsection.2.3.1}{\376\377\000O\000v\000l\000\341\000d\000\341\000n\000\355}{section.2.3}% 35
\BOOKMARK [2][]{subsection.2.3.2}{\376\377\000S\000h\000r\000n\000u\000t\000\355}{section.2.3}% 36
\BOOKMARK [0][]{chapter.3}{\376\377\000S\000l\000o\000v\000n\000\355\000k\000\040\000p\000o\000j\000m\001\157}{}% 37
\BOOKMARK [0][]{chapter*.5}{\376\377\000L\000i\000t\000e\000r\000a\000t\000u\000r\000a}{}% 38
